0 silly argv {
0 silly argv   _: [ 'version' ],
0 silly argv   'conventional-commits': true,
0 silly argv   conventionalCommits: true,
0 silly argv   'conventional-prerelease': true,
0 silly argv   conventionalPrerelease: true,
0 silly argv   lernaVersion: '8.1.2',
0 silly argv   '$0': 'node_modules\\lerna\\dist\\cli.js'
0 silly argv }
1 notice cli v8.1.2
2 verbose packageConfigs Explicit "packages" configuration found in lerna.json. Resolving packages using the configured glob(s): ["libs/*","apps/*"]
3 verbose rootPath C:\Users\GediminasBublys\WebstormProjects\semantic-versioned-monorepo-setup
4 info versioning independent
5 silly isAnythingCommitted
6 verbose isAnythingCommitted 1
7 silly getCurrentBranch
8 verbose currentBranch main
9 silly remoteBranchExists
10 silly isBehindUpstream
11 silly isBehindUpstream main is behind origin/main by 0 commit(s) and ahead by 3
12 silly hasTags
13 verbose hasTags true
14 silly git-describe.sync "v0.0.1-5-g6c10773" => {"lastTagName":"v0.0.1","lastVersion":"v0.0.1","refCount":"5","sha":"6c10773","isDirty":false}
15 info Looking for changed packages since v0.0.1
16 silly checking diff apps/app-one
17 silly found diff in apps/app-one/CHANGELOG.md
17 silly found diff in apps/app-one/package.json
18 verbose filtered diff [ 'apps/app-one/CHANGELOG.md', 'apps/app-one/package.json' ]
19 silly checking diff libs/dependency-one
20 silly found diff in libs/dependency-one/CHANGELOG.md
20 silly found diff in libs/dependency-one/index.js
20 silly found diff in libs/dependency-one/package.json
21 verbose filtered diff [
21 verbose filtered diff   'libs/dependency-one/CHANGELOG.md',
21 verbose filtered diff   'libs/dependency-one/index.js',
21 verbose filtered diff   'libs/dependency-one/package.json'
21 verbose filtered diff ]
22 silly checking diff libs/dependency-two
23 silly found diff in libs/dependency-two/package.json
24 verbose filtered diff [ 'libs/dependency-two/package.json' ]
25 verbose updated @semantic-versioned-monorepo-setup/app-one
26 verbose updated @semantic-versioned-monorepo-setup/dependency-one
27 verbose updated @semantic-versioned-monorepo-setup/dependency-two
28 verbose git-describe undefined => "v0.0.1-5-g6c10773"
29 silly git-describe parsed => {"lastTagName":"v0.0.1","lastVersion":"v0.0.1","refCount":"5","sha":"6c10773","isDirty":false}
30 silly independent for @semantic-versioned-monorepo-setup/app-one at C:\Users\GediminasBublys\WebstormProjects\semantic-versioned-monorepo-setup\apps\app-one
31 verbose getChangelogConfig using preset "conventional-changelog-angular"
32 silly npa Result {
32 silly npa   type: 'tag',
32 silly npa   registry: true,
32 silly npa   where: undefined,
32 silly npa   raw: 'conventional-changelog-angular',
32 silly npa   name: 'conventional-changelog-angular',
32 silly npa   escapedName: 'conventional-changelog-angular',
32 silly npa   scope: undefined,
32 silly npa   rawSpec: '',
32 silly npa   saveSpec: null,
32 silly npa   fetchSpec: 'latest',
32 silly npa   gitRange: undefined,
32 silly npa   gitCommittish: undefined,
32 silly npa   hosted: undefined
32 silly npa }
33 verbose getChangelogConfig Attempting to resolve preset "conventional-changelog-angular"
34 info getChangelogConfig Successfully resolved preset "conventional-changelog-angular"
35 verbose independent increment 0.1.0-alpha.0 by prerelease
36 silly independent for @semantic-versioned-monorepo-setup/dependency-one at C:\Users\GediminasBublys\WebstormProjects\semantic-versioned-monorepo-setup\libs\dependency-one
37 verbose independent increment 0.1.0-alpha.0 by prerelease
38 silly independent for @semantic-versioned-monorepo-setup/dependency-two at C:\Users\GediminasBublys\WebstormProjects\semantic-versioned-monorepo-setup\libs\dependency-two
39 verbose independent increment 0.0.1 by preminor
40 info execute Skipping releases
41 silly lifecycle No script for "preversion" in "root", continuing
42 silly lifecycle No script for "preversion" in "@semantic-versioned-monorepo-setup/dependency-two", continuing
43 verbose version @semantic-versioned-monorepo-setup/dependency-two has no lockfile. Skipping lockfile update.
44 silly lifecycle No script for "version" in "@semantic-versioned-monorepo-setup/dependency-two", continuing
45 silly independent for @semantic-versioned-monorepo-setup/dependency-two at C:\Users\GediminasBublys\WebstormProjects\semantic-versioned-monorepo-setup\libs\dependency-two
46 silly independent writing new entry: "# 0.1.0-alpha.0 (2024-04-26)\n\n\n### Bug Fixes\n\n* added initial comment for dependency-one for testing semantic versioning ([6c10773](https://github.com/gbublys/semantic-versioned-monorepo-setup/commit/6c107738e21051522eedb47a36f7b8b1cf7d357e))\n\n\n\n## 0.0.1 (2024-04-26)\n\n\n### Features\n\n* initial commit ([ee8a56c](https://github.com/gbublys/semantic-versioned-monorepo-setup/commit/ee8a56cff7e243bbb0fa4e7cf0dcd6cd2dc9fe2e))\n\n\n\n"
47 verbose independent wrote C:\Users\GediminasBublys\WebstormProjects\semantic-versioned-monorepo-setup\libs\dependency-two\CHANGELOG.md
48 silly lifecycle No script for "preversion" in "@semantic-versioned-monorepo-setup/dependency-one", continuing
49 verbose version @semantic-versioned-monorepo-setup/dependency-one has no lockfile. Skipping lockfile update.
50 silly lifecycle No script for "version" in "@semantic-versioned-monorepo-setup/dependency-one", continuing
51 silly independent for @semantic-versioned-monorepo-setup/dependency-one at C:\Users\GediminasBublys\WebstormProjects\semantic-versioned-monorepo-setup\libs\dependency-one
52 silly independent writing new entry: "# 0.1.0-alpha.1 (2024-04-26)\n\n\n### Bug Fixes\n\n* added initial comment for dependency-one for testing semantic versioning ([6c10773](https://github.com/gbublys/semantic-versioned-monorepo-setup/commit/6c107738e21051522eedb47a36f7b8b1cf7d357e))\n* added initial comment for dependency-one for testing semantic versioning ([8124b9a](https://github.com/gbublys/semantic-versioned-monorepo-setup/commit/8124b9a0becb88d8855fa9e6c342caa6de4b55da))\n\n\n\n## 0.0.1 (2024-04-26)\n\n\n### Features\n\n* initial commit ([ee8a56c](https://github.com/gbublys/semantic-versioned-monorepo-setup/commit/ee8a56cff7e243bbb0fa4e7cf0dcd6cd2dc9fe2e))\n\n\n\n"
53 verbose independent wrote C:\Users\GediminasBublys\WebstormProjects\semantic-versioned-monorepo-setup\libs\dependency-one\CHANGELOG.md
54 silly lifecycle No script for "preversion" in "@semantic-versioned-monorepo-setup/app-one", continuing
55 verbose version @semantic-versioned-monorepo-setup/app-one has no lockfile. Skipping lockfile update.
56 silly lifecycle No script for "version" in "@semantic-versioned-monorepo-setup/app-one", continuing
57 silly independent for @semantic-versioned-monorepo-setup/app-one at C:\Users\GediminasBublys\WebstormProjects\semantic-versioned-monorepo-setup\apps\app-one
58 silly independent writing new entry: "# 0.1.0-alpha.1 (2024-04-26)\n\n\n### Bug Fixes\n\n* added initial comment for dependency-one for testing semantic versioning ([6c10773](https://github.com/gbublys/semantic-versioned-monorepo-setup/commit/6c107738e21051522eedb47a36f7b8b1cf7d357e))\n\n\n\n## 0.0.1 (2024-04-26)\n\n\n### Bug Fixes\n\n* added missing version ([090ffa5](https://github.com/gbublys/semantic-versioned-monorepo-setup/commit/090ffa59d85fe97efe0a0e2543aad5a202bd8574))\n\n\n### Features\n\n* initial commit ([ee8a56c](https://github.com/gbublys/semantic-versioned-monorepo-setup/commit/ee8a56cff7e243bbb0fa4e7cf0dcd6cd2dc9fe2e))\n\n\n\n"
59 verbose independent wrote C:\Users\GediminasBublys\WebstormProjects\semantic-versioned-monorepo-setup\apps\app-one\CHANGELOG.md
60 silly lifecycle No script for "version" in "root", continuing
61 verbose version Updating root package-lock.json
62 error Error: Command failed with exit code 1: npm install --package-lock-only --ignore-scripts
62 error npm ERR! code E404
62 error npm ERR! 404 Not Found - GET https://registry.npmjs.org/@semantic-versioned-monorepo-setup%2fdependency-one - Not found
62 error npm ERR! 404
62 error npm ERR! 404  '@semantic-versioned-monorepo-setup/dependency-one@^0.1.0-alpha.1' is not in this registry.
62 error npm ERR! 404
62 error npm ERR! 404 Note that you can also install from a
62 error npm ERR! 404 tarball, folder, http url, or git url.
62 error
62 error npm ERR! A complete log of this run can be found in: C:\Users\GediminasBublys\AppData\Local\npm-cache\_logs\2024-04-26T14_39_03_918Z-debug-0.log
62 error     at makeError (C:\Users\GediminasBublys\WebstormProjects\semantic-versioned-monorepo-setup\node_modules\execa\lib\error.js:59:11)
62 error     at handlePromise (C:\Users\GediminasBublys\WebstormProjects\semantic-versioned-monorepo-setup\node_modules\execa\index.js:114:26)
62 error     at process.processTicksAndRejections (node:internal/process/task_queues:95:5)
62 error     at async VersionCommand.updatePackageVersions (C:\Users\GediminasBublys\WebstormProjects\semantic-versioned-monorepo-setup\node_modules\lerna\dist\index.js:8469:13)
62 error     at async Promise.all (index 0)
